#
# A fatal error has been detected by the Java Runtime Environment:
#
#  EXCEPTION_ACCESS_VIOLATION (0xc0000005) at pc=0x00007ffdecab9460, pid=14004, tid=6604
#
# JRE version: Java(TM) SE Runtime Environment (22.0.2+9) (build 22.0.2+9-70)
# Java VM: Java HotSpot(TM) 64-Bit Server VM (22.0.2+9-70, mixed mode, sharing, tiered, compressed oops, compressed class ptrs, g1 gc, windows-amd64)
# Problematic frame:
# C  [KERNEL32.DLL+0x19460]
#
# No core dump will be written. Minidumps are not enabled by default on client versions of Windows
#
# JFR recording file will be written. Location: C:\Users\Ronaud\IdeaProjects\project_adotonautas\hs_err_pid14004.jfr
#
# If you would like to submit a bug report, please visit:
#   https://bugreport.java.com/bugreport/crash.jsp
#

---------------  S U M M A R Y ------------

Command Line: -javaagent:C:\Program Files\JetBrains\IntelliJ IDEA 2025.1.1.1\lib\idea_rt.jar=63770 -Dfile.encoding=UTF-8 -Dsun.stdout.encoding=UTF-8 -Dsun.stderr.encoding=UTF-8 --module-path=C:\Users\Ronaud\IdeaProjects\project_adotonautas\target\classes;C:\Users\Ronaud\.m2\repository\org\openjfx\javafx-fxml\17.0.6\javafx-fxml-17.0.6-win.jar;C:\Users\Ronaud\.m2\repository\org\openjfx\javafx-controls\17.0.6\javafx-controls-17.0.6-win.jar;C:\Users\Ronaud\.m2\repository\org\openjfx\javafx-graphics\17.0.6\javafx-graphics-17.0.6-win.jar;C:\Users\Ronaud\.m2\repository\org\openjfx\javafx-base\17.0.6\javafx-base-17.0.6-win.jar -Djdk.module.main=com.example.project_adotonautas com.example.project_adotonautas/com.example.project_adotonautas.InicialApplication

Host: 11th Gen Intel(R) Core(TM) i3-1115G4 @ 3.00GHz, 4 cores, 7G,  Windows 11 , 64 bit Build 22621 (10.0.22621.4974)
Time: Sat May 31 12:15:36 2025 Hora oficial do Brasil elapsed time: 32.036912 seconds (0d 0h 0m 32s)

---------------  T H R E A D  ---------------

Current thread (0x000001d67a86dcf0):  JavaThread "Attach Listener" daemon [_thread_in_vm, id=6604, stack(0x0000008c2ec00000,0x0000008c2ed00000) (1024K)]

Stack: [0x0000008c2ec00000,0x0000008c2ed00000],  sp=0x0000008c2ecff978,  free space=1022k
Native frames: (J=compiled Java code, j=interpreted, Vv=VM code, C=native code)
C  [KERNEL32.DLL+0x19460]  (no source info available)


siginfo: EXCEPTION_ACCESS_VIOLATION (0xc0000005), reading address 0x00007ffdb9784a40


Registers:
RAX=0x000001d646690390, RBX=0x000001d646690390, RCX=0x000001d646690390, RDX=0x000001d646690390
RSP=0x0000008c2ecff978, RBP=0x000001d646690390, RSI=0x000000018324d4dd, RDI=0x00007ffdecab9465
R8 =0x0000008c2ecff9e8, R9 =0x0000000000000000, R10=0x0000000000000003, R11=0x0000008c2ecff970
R12=0x000001d67a86e748, R13=0x00000000000003d8, R14=0x0000000000000000, R15=0x0000008c2ecffc90
RIP=0x00007ffdecab9460, EFLAGS=0x0000000000010246


Register to memory mapping:

RAX=0x000001d646690390 points into unknown readable memory: 0x73726573555c3a43 | 43 3a 5c 55 73 65 72 73
RBX=0x000001d646690390 points into unknown readable memory: 0x73726573555c3a43 | 43 3a 5c 55 73 65 72 73
RCX=0x000001d646690390 points into unknown readable memory: 0x73726573555c3a43 | 43 3a 5c 55 73 65 72 73
RDX=0x000001d646690390 points into unknown readable memory: 0x73726573555c3a43 | 43 3a 5c 55 73 65 72 73
RSP=0x0000008c2ecff978 is pointing into the stack for thread: 0x000001d67a86dcf0
RBP=0x000001d646690390 points into unknown readable memory: 0x73726573555c3a43 | 43 3a 5c 55 73 65 72 73
RSI=0x000000018324d4dd RTSSHooks64.dll
RDI=0x00007ffdecab9465 KERNEL32.DLL
R8 =0x0000008c2ecff9e8 is pointing into the stack for thread: 0x000001d67a86dcf0
R9 =0x0 is null
R10=0x0000000000000003 is an unknown value
R11=0x0000008c2ecff970 is pointing into the stack for thread: 0x000001d67a86dcf0
R12=0x000001d67a86e748 points into unknown readable memory: 0x081aefad9010d95a | 5a d9 10 90 ad ef 1a 08
R13=0x00000000000003d8 is an unknown value
R14=0x0 is null
R15=0x0000008c2ecffc90 is pointing into the stack for thread: 0x000001d67a86dcf0

Top of Stack: (sp=0x0000008c2ecff978)
0x0000008c2ecff978:   0000000180037605 000001d646690390
0x0000008c2ecff988:   00007ff787d80000 000001d6465a3bf0
0x0000008c2ecff998:   00007ffdeddcb001 000001d646690390
0x0000008c2ecff9a8:   00007ffd9976ae0f 0000000000000400
0x0000008c2ecff9b8:   00007ffd99ce9300 0000000000000000
0x0000008c2ecff9c8:   00007ffd99769b46 0000000000000000
0x0000008c2ecff9d8:   00007ffdeb92364b 0000000000000001
0x0000008c2ecff9e8:   000001d6465a3bf0 000001d646690390
0x0000008c2ecff9f8:   0000000000000000 0000000000000000
0x0000008c2ecffa08:   0000008c2ecff9e8 000001d646792390
0x0000008c2ecffa18:   0000000000000000 000001d646792390
0x0000008c2ecffa28:   00007ffd995d4ffa 00000000000003d8
0x0000008c2ecffa38:   0000000000000000 0000008c2ecffc90
0x0000008c2ecffa48:   0000000000000000 000001d646792390
0x0000008c2ecffa58:   00007ffd995d49ec 000001d646792390
0x0000008c2ecffa68:   0000008c2ecffb09 0000008c2ecffc90
0x0000008c2ecffa78:   0000000000000000 00007ffd99ab8d80
0x0000008c2ecffa88:   00007ffd99ab8d98 0000000000000004
0x0000008c2ecffa98:   00007ffd997648a1 0000000000000005
0x0000008c2ecffaa8:   0000000000000000 0000000000000000
0x0000008c2ecffab8:   00007ffd997648a1 0000000000000017
0x0000008c2ecffac8:   00007ffd997669aa 0000000000000004
0x0000008c2ecffad8:   000001d67a8735db 0000000000000001
0x0000008c2ecffae8:   00007ffd9914e836 0000000000000000
0x0000008c2ecffaf8:   0000000000000058 000001d67a8735db
0x0000008c2ecffb08:   00007ffdeddcc360 0000000000000000
0x0000008c2ecffb18:   00007ffdeb0da15e 000001d67a86e370
0x0000008c2ecffb28:   000001d67a86e360 000001d67a8735db
0x0000008c2ecffb38:   00007ffd995d46d4 000001d67a872dd9
0x0000008c2ecffb48:   00000000000003d8 000001d67a86e370
0x0000008c2ecffb58:   0000000000000001 000001d67a8735db
0x0000008c2ecffb68:   00007ffd995d5a73 0000000000000001 

Instructions: (pc=0x00007ffdecab9460)
0x00007ffdecab9360:   48 83 ec 38 48 83 64 24 20 00 41 b9 30 00 00 00
0x00007ffdecab9370:   4c 8b c2 41 8d 51 d2 48 ff 15 e2 cc 06 00 0f 1f
0x00007ffdecab9380:   44 00 00 85 c0 0f 88 fd 64 01 00 b8 01 00 00 00
0x00007ffdecab9390:   48 83 c4 38 c3 cc cc cc 71 1a dc 16 b2 0f b0 dd
0x00007ffdecab93a0:   48 ff 25 39 c4 06 00 cc cc cc cc cc cc cc cc cc
0x00007ffdecab93b0:   cc cc cc cc cc cc cc cc 71 19 dc 1c 7d af 74 d2
0x00007ffdecab93c0:   48 ff 25 29 c5 06 00 cc cc cc cc cc cc cc cc cc
0x00007ffdecab93d0:   cc cc cc cc cc cc cc cc 71 11 d1 58 55 0f c1 c1
0x00007ffdecab93e0:   48 ff 25 71 c3 06 00 cc cc cc cc cc cc cc cc cc
0x00007ffdecab93f0:   cc cc cc cc cc cc cc cc 71 ba d6 34 48 9e e4 fd
0x00007ffdecab9400:   48 ff 25 d1 b8 06 00 cc cc cc cc cc cc cc cc cc
0x00007ffdecab9410:   cc cc cc cc cc cc cc cc 71 11 52 52 ec 86 fc ec
0x00007ffdecab9420:   48 83 ec 48 48 8b 44 24 78 48 89 44 24 30 48 8b
0x00007ffdecab9430:   44 24 70 48 89 44 24 28 c6 44 24 20 01 48 ff 15
0x00007ffdecab9440:   54 a8 06 00 0f 1f 44 00 00 48 83 c4 48 c3 cc cc
0x00007ffdecab9450:   cc cc cc cc cc cc cc cc 71 f3 de 18 15 37 48 91
0x00007ffdecab9460:   48 ff 25 d9 b5 cc cc cc cc cc cc cc cc cc cc cc
0x00007ffdecab9470:   cc cc cc cc cc cc cc cc 71 79 dc 10 ed 3f 61 d3
0x00007ffdecab9480:   48 ff 25 c9 bb 06 00 cc cc cc cc cc cc cc cc cc
0x00007ffdecab9490:   cc cc cc cc cc cc cc cc 71 9a 5e 10 36 06 e1 b2
0x00007ffdecab94a0:   48 ff 25 09 b4 06 00 cc cc cc cc cc cc cc cc cc
0x00007ffdecab94b0:   cc cc cc cc cc cc cc cc 71 e2 d5 56 fd 27 30 8d
0x00007ffdecab94c0:   48 ff 25 f1 b3 06 00 cc cc cc cc cc cc cc cc cc
0x00007ffdecab94d0:   cc cc cc cc cc cc cc cc 71 38 dd 38 a9 af 80 e4
0x00007ffdecab94e0:   48 ff 25 79 b8 06 00 cc cc cc cc cc cc cc cc cc
0x00007ffdecab94f0:   cc cc cc cc cc cc cc cc 71 7b de 10 0a 87 d9 b5
0x00007ffdecab9500:   48 ff 25 d9 b9 06 00 cc cc cc cc cc cc cc cc cc
0x00007ffdecab9510:   cc cc cc cc cc cc cc cc 71 c0 52 7a d3 26 19 be
0x00007ffdecab9520:   48 ff 25 31 b6 06 00 cc cc cc cc cc cc cc cc cc
0x00007ffdecab9530:   cc cc cc cc 33 d2 8b c1 85 c9 79 14 81 c1 77 ff
0x00007ffdecab9540:   ff 3f 83 f9 02 0f 87 4b 63 01 00 8d 42 01 c3 cc
0x00007ffdecab9550:   33 c0 c3 cc cc cc cc cc 71 e1 d3 32 5b 07 d5 dd 


Stack slot to memory mapping:

stack at sp + 0 slots: 0x0000000180037605 RTSSHooks64.dll
stack at sp + 1 slots: 0x000001d646690390 points into unknown readable memory: 0x73726573555c3a43 | 43 3a 5c 55 73 65 72 73
stack at sp + 2 slots: 0x00007ff787d80000 java.exe
stack at sp + 3 slots: 0x000001d6465a3bf0 points into unknown readable memory: 0x6e4f5f746e656741 | 41 67 65 6e 74 5f 4f 6e
stack at sp + 4 slots: 0x00007ffdeddcb001 ntdll.dll
stack at sp + 5 slots: 0x000001d646690390 points into unknown readable memory: 0x73726573555c3a43 | 43 3a 5c 55 73 65 72 73
stack at sp + 6 slots: 0x00007ffd9976ae0f jvm.dll
stack at sp + 7 slots: 0x0000000000000400 is an unknown value


---------------  P R O C E S S  ---------------

Threads class SMR info:
_java_thread_list=0x000001d6465a3d70, length=26, elements={
0x000001d65c904490, 0x000001d67a865820, 0x000001d67a866630, 0x000001d67a86d1a0,
0x000001d67a86dcf0, 0x000001d67a86e970, 0x000001d67a875f10, 0x000001d67a87eed0,
0x000001d67a8940c0, 0x000001d6451a6d60, 0x000001d64580a610, 0x000001d6457a12b0,
0x000001d645fef010, 0x000001d645e68f20, 0x000001d645de09e0, 0x000001d645e05af0,
0x000001d645a69340, 0x000001d64605dea0, 0x000001d6461525c0, 0x000001d6460a16f0,
0x000001d6460a1d80, 0x000001d6460a2aa0, 0x000001d6460a3130, 0x000001d6460a37c0,
0x000001d64da73870, 0x000001d645714770
}

Java Threads: ( => current thread )
  0x000001d65c904490 JavaThread "main"                              [_thread_blocked, id=13280, stack(0x0000008c2e100000,0x0000008c2e200000) (1024K)]
  0x000001d67a865820 JavaThread "Reference Handler"          daemon [_thread_blocked, id=13896, stack(0x0000008c2e900000,0x0000008c2ea00000) (1024K)]
  0x000001d67a866630 JavaThread "Finalizer"                  daemon [_thread_blocked, id=4356, stack(0x0000008c2ea00000,0x0000008c2eb00000) (1024K)]
  0x000001d67a86d1a0 JavaThread "Signal Dispatcher"          daemon [_thread_blocked, id=8024, stack(0x0000008c2eb00000,0x0000008c2ec00000) (1024K)]
=>0x000001d67a86dcf0 JavaThread "Attach Listener"            daemon [_thread_in_vm, id=6604, stack(0x0000008c2ec00000,0x0000008c2ed00000) (1024K)]
  0x000001d67a86e970 JavaThread "Service Thread"             daemon [_thread_blocked, id=13452, stack(0x0000008c2ed00000,0x0000008c2ee00000) (1024K)]
  0x000001d67a875f10 JavaThread "Monitor Deflation Thread"   daemon [_thread_blocked, id=12064, stack(0x0000008c2ee00000,0x0000008c2ef00000) (1024K)]
  0x000001d67a87eed0 JavaThread "C2 CompilerThread0"         daemon [_thread_blocked, id=9932, stack(0x0000008c2ef00000,0x0000008c2f000000) (1024K)]
  0x000001d67a8940c0 JavaThread "C1 CompilerThread0"         daemon [_thread_blocked, id=2668, stack(0x0000008c2f000000,0x0000008c2f100000) (1024K)]
  0x000001d6451a6d60 JavaThread "Common-Cleaner"             daemon [_thread_blocked, id=11692, stack(0x0000008c2f100000,0x0000008c2f200000) (1024K)]
  0x000001d64580a610 JavaThread "Monitor Ctrl-Break"         daemon [_thread_in_native, id=10440, stack(0x0000008c2f300000,0x0000008c2f400000) (1024K)]
  0x000001d6457a12b0 JavaThread "Notification Thread"        daemon [_thread_blocked, id=15984, stack(0x0000008c2f400000,0x0000008c2f500000) (1024K)]
  0x000001d645fef010 JavaThread "RMI TCP Accept-0"           daemon [_thread_in_native, id=16228, stack(0x0000008c2f800000,0x0000008c2f900000) (1024K)]
  0x000001d645e68f20 JavaThread "RMI TCP Connection(1)-192.168.0.106" daemon [_thread_in_native, id=18124, stack(0x0000008c2f900000,0x0000008c2fa00000) (1024K)]
  0x000001d645de09e0 JavaThread "RMI Scheduler(0)"           daemon [_thread_blocked, id=10280, stack(0x0000008c2fa00000,0x0000008c2fb00000) (1024K)]
  0x000001d645e05af0 JavaThread "JMX server connection timeout 28" daemon [_thread_blocked, id=15564, stack(0x0000008c2fb00000,0x0000008c2fc00000) (1024K)]
  0x000001d645a69340 JavaThread "QuantumRenderer-0"          daemon [_thread_blocked, id=8832, stack(0x0000008c2fc00000,0x0000008c2fd00000) (1024K)]
  0x000001d64605dea0 JavaThread "InvokeLaterDispatcher"      daemon [_thread_blocked, id=12892, stack(0x0000008c2fd00000,0x0000008c2fe00000) (1024K)]
  0x000001d6461525c0 JavaThread "JavaFX Application Thread"         [_thread_in_native, id=14980, stack(0x0000008c2fe00000,0x0000008c2ff00000) (1024K)]
  0x000001d6460a16f0 JavaThread "JavaFX-Launcher"                   [_thread_blocked, id=9600, stack(0x0000008c30200000,0x0000008c30300000) (1024K)]
  0x000001d6460a1d80 JavaThread "Thread-2"                   daemon [_thread_in_native, id=1004, stack(0x0000008c30100000,0x0000008c30200000) (1024K)]
  0x000001d6460a2aa0 JavaThread "JFR Recorder Thread"        daemon [_thread_in_native, id=17760, stack(0x0000008c30300000,0x0000008c30400000) (1024K)]
  0x000001d6460a3130 JavaThread "JFR Periodic Tasks"         daemon [_thread_blocked, id=12008, stack(0x0000008c30400000,0x0000008c30500000) (1024K)]
  0x000001d6460a37c0 JavaThread "Wall clock sampler"         daemon [_thread_in_native, id=2584, stack(0x0000008c30500000,0x0000008c30600000) (1024K)]
  0x000001d64da73870 JavaThread "Async-profiler Timer"       daemon [_thread_in_native, id=17252, stack(0x0000008c30600000,0x0000008c30700000) (1024K)]
  0x000001d645714770 JavaThread "RMI TCP Connection(2)-192.168.0.106" daemon [_thread_in_native, id=16364, stack(0x0000008c30700000,0x0000008c30800000) (1024K)]
Total: 26

Other Threads:
  0x000001d67a84ad20 VMThread "VM Thread"                           [id=13780, stack(0x0000008c2e800000,0x0000008c2e900000) (1024K)]
  0x000001d67a832890 WatcherThread "VM Periodic Task Thread"        [id=8064, stack(0x0000008c2e700000,0x0000008c2e800000) (1024K)]
  0x000001d65ca76080 WorkerThread "GC Thread#0"                     [id=15196, stack(0x0000008c2e200000,0x0000008c2e300000) (1024K)]
  0x000001d645975a90 WorkerThread "GC Thread#1"                     [id=15740, stack(0x0000008c2f500000,0x0000008c2f600000) (1024K)]
  0x000001d645997db0 WorkerThread "GC Thread#2"                     [id=16728, stack(0x0000008c2f600000,0x0000008c2f700000) (1024K)]
  0x000001d64598c680 WorkerThread "GC Thread#3"                     [id=11212, stack(0x0000008c2f700000,0x0000008c2f800000) (1024K)]
  0x000001d65ca86a20 ConcurrentGCThread "G1 Main Marker"            [id=14220, stack(0x0000008c2e300000,0x0000008c2e400000) (1024K)]
  0x000001d65ca87cd0 WorkerThread "G1 Conc#0"                       [id=1296, stack(0x0000008c2e400000,0x0000008c2e500000) (1024K)]
  0x000001d65cade180 ConcurrentGCThread "G1 Refine#0"               [id=1060, stack(0x0000008c2e500000,0x0000008c2e600000) (1024K)]
  0x000001d67a7050f0 ConcurrentGCThread "G1 Service"                [id=9924, stack(0x0000008c2e600000,0x0000008c2e700000) (1024K)]
Total: 10

Threads with active compile tasks:
Total: 0

VM state: not at safepoint (normal execution)

VM Mutex/Monitor currently owned by a thread: None

Heap address: 0x0000000084000000, size: 1984 MB, Compressed Oops mode: 32-bit

CDS archive(s) mapped at: [0x000001d600000000-0x000001d600c60000-0x000001d600c60000), size 12976128, SharedBaseAddress: 0x000001d600000000, ArchiveRelocationMode: 1.
Compressed class space mapped at: 0x000001d601000000-0x000001d641000000, reserved size: 1073741824
Narrow klass base: 0x000001d600000000, Narrow klass shift: 0, Narrow klass range: 0x41000000

GC Precious Log:
 CardTable entry size: 512
 Card Set container configuration: InlinePtr #cards 5 size 8 Array Of Cards #cards 12 size 40 Howl #buckets 4 coarsen threshold 1843 Howl Bitmap #cards 512 size 80 coarsen threshold 460 Card regions per heap region 1 cards per card region 2048
 CPUs: 4 total, 4 available
 Memory: 7932M
 Large Page Support: Disabled
 NUMA Support: Disabled
 Compressed Oops: Enabled (32-bit)
 Heap Region Size: 1M
 Heap Min Capacity: 8M
 Heap Initial Capacity: 124M
 Heap Max Capacity: 1984M
 Pre-touch: Disabled
 Parallel Workers: 4
 Concurrent Workers: 1
 Concurrent Refinement Workers: 4
 Periodic GC: Disabled

Heap:
 garbage-first heap   total reserved 2031616K, committed 126976K, used 47089K [0x0000000084000000, 0x0000000100000000)
  region size 1024K, 45 young (46080K), 2 survivors (2048K)
 Metaspace       used 17885K, committed 18368K, reserved 1114112K
  class space    used 2333K, committed 2560K, reserved 1048576K

Heap Regions: E=young(eden), S=young(survivor), O=old, HS=humongous(starts), HC=humongous(continues), CS=collection set, F=free, TAMS=top-at-mark-start, PB=parsable bottom
|   0|0x0000000084000000, 0x0000000084100000, 0x0000000084100000|100%| O|  |TAMS 0x0000000084000000| PB 0x0000000084000000| Untracked |  0
|   1|0x0000000084100000, 0x0000000084200000, 0x0000000084200000|100%| O|  |TAMS 0x0000000084100000| PB 0x0000000084100000| Untracked |  0
|   2|0x0000000084200000, 0x0000000084300000, 0x0000000084300000|100%| O|  |TAMS 0x0000000084200000| PB 0x0000000084200000| Untracked |  0
|   3|0x0000000084300000, 0x0000000084347b58, 0x0000000084400000| 28%| O|  |TAMS 0x0000000084300000| PB 0x0000000084300000| Untracked |  0
|   4|0x0000000084400000, 0x0000000084400000, 0x0000000084500000|  0%| F|  |TAMS 0x0000000084400000| PB 0x0000000084400000| Untracked |  0
|   5|0x0000000084500000, 0x0000000084500000, 0x0000000084600000|  0%| F|  |TAMS 0x0000000084500000| PB 0x0000000084500000| Untracked |  0
|   6|0x0000000084600000, 0x0000000084600000, 0x0000000084700000|  0%| F|  |TAMS 0x0000000084600000| PB 0x0000000084600000| Untracked |  0
|   7|0x0000000084700000, 0x0000000084700000, 0x0000000084800000|  0%| F|  |TAMS 0x0000000084700000| PB 0x0000000084700000| Untracked |  0
|   8|0x0000000084800000, 0x0000000084800000, 0x0000000084900000|  0%| F|  |TAMS 0x0000000084800000| PB 0x0000000084800000| Untracked |  0
|   9|0x0000000084900000, 0x0000000084900000, 0x0000000084a00000|  0%| F|  |TAMS 0x0000000084900000| PB 0x0000000084900000| Untracked |  0
|  10|0x0000000084a00000, 0x0000000084a00000, 0x0000000084b00000|  0%| F|  |TAMS 0x0000000084a00000| PB 0x0000000084a00000| Untracked |  0
|  11|0x0000000084b00000, 0x0000000084b00000, 0x0000000084c00000|  0%| F|  |TAMS 0x0000000084b00000| PB 0x0000000084b00000| Untracked |  0
|  12|0x0000000084c00000, 0x0000000084c00000, 0x0000000084d00000|  0%| F|  |TAMS 0x0000000084c00000| PB 0x0000000084c00000| Untracked |  0
|  13|0x0000000084d00000, 0x0000000084d00000, 0x0000000084e00000|  0%| F|  |TAMS 0x0000000084d00000| PB 0x0000000084d00000| Untracked |  0
|  14|0x0000000084e00000, 0x0000000084e00000, 0x0000000084f00000|  0%| F|  |TAMS 0x0000000084e00000| PB 0x0000000084e00000| Untracked |  0
|  15|0x0000000084f00000, 0x0000000084f00000, 0x0000000085000000|  0%| F|  |TAMS 0x0000000084f00000| PB 0x0000000084f00000| Untracked |  0
|  16|0x0000000085000000, 0x0000000085000000, 0x0000000085100000|  0%| F|  |TAMS 0x0000000085000000| PB 0x0000000085000000| Untracked |  0
|  17|0x0000000085100000, 0x0000000085100000, 0x0000000085200000|  0%| F|  |TAMS 0x0000000085100000| PB 0x0000000085100000| Untracked |  0
|  18|0x0000000085200000, 0x0000000085200000, 0x0000000085300000|  0%| F|  |TAMS 0x0000000085200000| PB 0x0000000085200000| Untracked |  0
|  19|0x0000000085300000, 0x0000000085300000, 0x0000000085400000|  0%| F|  |TAMS 0x0000000085300000| PB 0x0000000085300000| Untracked |  0
|  20|0x0000000085400000, 0x0000000085400000, 0x0000000085500000|  0%| F|  |TAMS 0x0000000085400000| PB 0x0000000085400000| Untracked |  0
|  21|0x0000000085500000, 0x0000000085500000, 0x0000000085600000|  0%| F|  |TAMS 0x0000000085500000| PB 0x0000000085500000| Untracked |  0
|  22|0x0000000085600000, 0x0000000085600000, 0x0000000085700000|  0%| F|  |TAMS 0x0000000085600000| PB 0x0000000085600000| Untracked |  0
|  23|0x0000000085700000, 0x0000000085700000, 0x0000000085800000|  0%| F|  |TAMS 0x0000000085700000| PB 0x0000000085700000| Untracked |  0
|  24|0x0000000085800000, 0x0000000085800000, 0x0000000085900000|  0%| F|  |TAMS 0x0000000085800000| PB 0x0000000085800000| Untracked |  0
|  25|0x0000000085900000, 0x0000000085900000, 0x0000000085a00000|  0%| F|  |TAMS 0x0000000085900000| PB 0x0000000085900000| Untracked |  0
|  26|0x0000000085a00000, 0x0000000085a00000, 0x0000000085b00000|  0%| F|  |TAMS 0x0000000085a00000| PB 0x0000000085a00000| Untracked |  0
|  27|0x0000000085b00000, 0x0000000085b00000, 0x0000000085c00000|  0%| F|  |TAMS 0x0000000085b00000| PB 0x0000000085b00000| Untracked |  0
|  28|0x0000000085c00000, 0x0000000085c00000, 0x0000000085d00000|  0%| F|  |TAMS 0x0000000085c00000| PB 0x0000000085c00000| Untracked |  0
|  29|0x0000000085d00000, 0x0000000085d00000, 0x0000000085e00000|  0%| F|  |TAMS 0x0000000085d00000| PB 0x0000000085d00000| Untracked |  0
|  30|0x0000000085e00000, 0x0000000085e00000, 0x0000000085f00000|  0%| F|  |TAMS 0x0000000085e00000| PB 0x0000000085e00000| Untracked |  0
|  31|0x0000000085f00000, 0x0000000085f00000, 0x0000000086000000|  0%| F|  |TAMS 0x0000000085f00000| PB 0x0000000085f00000| Untracked |  0
|  32|0x0000000086000000, 0x0000000086000000, 0x0000000086100000|  0%| F|  |TAMS 0x0000000086000000| PB 0x0000000086000000| Untracked |  0
|  33|0x0000000086100000, 0x0000000086100000, 0x0000000086200000|  0%| F|  |TAMS 0x0000000086100000| PB 0x0000000086100000| Untracked |  0
|  34|0x0000000086200000, 0x0000000086200000, 0x0000000086300000|  0%| F|  |TAMS 0x0000000086200000| PB 0x0000000086200000| Untracked |  0
|  35|0x0000000086300000, 0x0000000086300000, 0x0000000086400000|  0%| F|  |TAMS 0x0000000086300000| PB 0x0000000086300000| Untracked |  0
|  36|0x0000000086400000, 0x0000000086400000, 0x0000000086500000|  0%| F|  |TAMS 0x0000000086400000| PB 0x0000000086400000| Untracked |  0
|  37|0x0000000086500000, 0x0000000086500000, 0x0000000086600000|  0%| F|  |TAMS 0x0000000086500000| PB 0x0000000086500000| Untracked |  0
|  38|0x0000000086600000, 0x0000000086600000, 0x0000000086700000|  0%| F|  |TAMS 0x0000000086600000| PB 0x0000000086600000| Untracked |  0
|  39|0x0000000086700000, 0x0000000086700000, 0x0000000086800000|  0%| F|  |TAMS 0x0000000086700000| PB 0x0000000086700000| Untracked |  0
|  40|0x0000000086800000, 0x0000000086800000, 0x0000000086900000|  0%| F|  |TAMS 0x0000000086800000| PB 0x0000000086800000| Untracked |  0
|  41|0x0000000086900000, 0x0000000086900000, 0x0000000086a00000|  0%| F|  |TAMS 0x0000000086900000| PB 0x0000000086900000| Untracked |  0
|  42|0x0000000086a00000, 0x0000000086a00000, 0x0000000086b00000|  0%| F|  |TAMS 0x0000000086a00000| PB 0x0000000086a00000| Untracked |  0
|  43|0x0000000086b00000, 0x0000000086b00000, 0x0000000086c00000|  0%| F|  |TAMS 0x0000000086b00000| PB 0x0000000086b00000| Untracked |  0
|  44|0x0000000086c00000, 0x0000000086c00000, 0x0000000086d00000|  0%| F|  |TAMS 0x0000000086c00000| PB 0x0000000086c00000| Untracked |  0
|  45|0x0000000086d00000, 0x0000000086d00000, 0x0000000086e00000|  0%| F|  |TAMS 0x0000000086d00000| PB 0x0000000086d00000| Untracked |  0
|  46|0x0000000086e00000, 0x0000000086e00000, 0x0000000086f00000|  0%| F|  |TAMS 0x0000000086e00000| PB 0x0000000086e00000| Untracked |  0
|  47|0x0000000086f00000, 0x0000000086f00000, 0x0000000087000000|  0%| F|  |TAMS 0x0000000086f00000| PB 0x0000000086f00000| Untracked |  0
|  48|0x0000000087000000, 0x0000000087000000, 0x0000000087100000|  0%| F|  |TAMS 0x0000000087000000| PB 0x0000000087000000| Untracked |  0
|  49|0x0000000087100000, 0x0000000087100000, 0x0000000087200000|  0%| F|  |TAMS 0x0000000087100000| PB 0x0000000087100000| Untracked |  0
|  50|0x0000000087200000, 0x0000000087200000, 0x0000000087300000|  0%| F|  |TAMS 0x0000000087200000| PB 0x0000000087200000| Untracked |  0
|  51|0x0000000087300000, 0x0000000087300000, 0x0000000087400000|  0%| F|  |TAMS 0x0000000087300000| PB 0x0000000087300000| Untracked |  0
|  52|0x0000000087400000, 0x0000000087400000, 0x0000000087500000|  0%| F|  |TAMS 0x0000000087400000| PB 0x0000000087400000| Untracked |  0
|  53|0x0000000087500000, 0x0000000087500000, 0x0000000087600000|  0%| F|  |TAMS 0x0000000087500000| PB 0x0000000087500000| Untracked |  0
|  54|0x0000000087600000, 0x0000000087600000, 0x0000000087700000|  0%| F|  |TAMS 0x0000000087600000| PB 0x0000000087600000| Untracked |  0
|  55|0x0000000087700000, 0x0000000087700000, 0x0000000087800000|  0%| F|  |TAMS 0x0000000087700000| PB 0x0000000087700000| Untracked |  0
|  56|0x0000000087800000, 0x0000000087800000, 0x0000000087900000|  0%| F|  |TAMS 0x0000000087800000| PB 0x0000000087800000| Untracked |  0
|  57|0x0000000087900000, 0x0000000087900000, 0x0000000087a00000|  0%| F|  |TAMS 0x0000000087900000| PB 0x0000000087900000| Untracked |  0
|  58|0x0000000087a00000, 0x0000000087a00000, 0x0000000087b00000|  0%| F|  |TAMS 0x0000000087a00000| PB 0x0000000087a00000| Untracked |  0
|  59|0x0000000087b00000, 0x0000000087b00000, 0x0000000087c00000|  0%| F|  |TAMS 0x0000000087b00000| PB 0x0000000087b00000| Untracked |  0
|  60|0x0000000087c00000, 0x0000000087c00000, 0x0000000087d00000|  0%| F|  |TAMS 0x0000000087c00000| PB 0x0000000087c00000| Untracked |  0
|  61|0x0000000087d00000, 0x0000000087d00000, 0x0000000087e00000|  0%| F|  |TAMS 0x0000000087d00000| PB 0x0000000087d00000| Untracked |  0
|  62|0x0000000087e00000, 0x0000000087e00000, 0x0000000087f00000|  0%| F|  |TAMS 0x0000000087e00000| PB 0x0000000087e00000| Untracked |  0
|  63|0x0000000087f00000, 0x0000000087f00000, 0x0000000088000000|  0%| F|  |TAMS 0x0000000087f00000| PB 0x0000000087f00000| Untracked |  0
|  64|0x0000000088000000, 0x0000000088000000, 0x0000000088100000|  0%| F|  |TAMS 0x0000000088000000| PB 0x0000000088000000| Untracked |  0
|  65|0x0000000088100000, 0x0000000088100000, 0x0000000088200000|  0%| F|  |TAMS 0x0000000088100000| PB 0x0000000088100000| Untracked |  0
|  66|0x0000000088200000, 0x0000000088200000, 0x0000000088300000|  0%| F|  |TAMS 0x0000000088200000| PB 0x0000000088200000| Untracked |  0
|  67|0x0000000088300000, 0x0000000088300000, 0x0000000088400000|  0%| F|  |TAMS 0x0000000088300000| PB 0x0000000088300000| Untracked |  0
|  68|0x0000000088400000, 0x0000000088400000, 0x0000000088500000|  0%| F|  |TAMS 0x0000000088400000| PB 0x0000000088400000| Untracked |  0
|  69|0x0000000088500000, 0x0000000088500000, 0x0000000088600000|  0%| F|  |TAMS 0x0000000088500000| PB 0x0000000088500000| Untracked |  0
|  70|0x0000000088600000, 0x0000000088600000, 0x0000000088700000|  0%| F|  |TAMS 0x0000000088600000| PB 0x0000000088600000| Untracked |  0
|  71|0x0000000088700000, 0x0000000088700000, 0x0000000088800000|  0%| F|  |TAMS 0x0000000088700000| PB 0x0000000088700000| Untracked |  0
|  72|0x0000000088800000, 0x0000000088800000, 0x0000000088900000|  0%| F|  |TAMS 0x0000000088800000| PB 0x0000000088800000| Untracked |  0
|  73|0x0000000088900000, 0x0000000088900000, 0x0000000088a00000|  0%| F|  |TAMS 0x0000000088900000| PB 0x0000000088900000| Untracked |  0
|  74|0x0000000088a00000, 0x0000000088a00000, 0x0000000088b00000|  0%| F|  |TAMS 0x0000000088a00000| PB 0x0000000088a00000| Untracked |  0
|  75|0x0000000088b00000, 0x0000000088b00000, 0x0000000088c00000|  0%| F|  |TAMS 0x0000000088b00000| PB 0x0000000088b00000| Untracked |  0
|  76|0x0000000088c00000, 0x0000000088c00000, 0x0000000088d00000|  0%| F|  |TAMS 0x0000000088c00000| PB 0x0000000088c00000| Untracked |  0
|  77|0x0000000088d00000, 0x0000000088d00000, 0x0000000088e00000|  0%| F|  |TAMS 0x0000000088d00000| PB 0x0000000088d00000| Untracked |  0
|  78|0x0000000088e00000, 0x0000000088e00000, 0x0000000088f00000|  0%| F|  |TAMS 0x0000000088e00000| PB 0x0000000088e00000| Untracked |  0
|  79|0x0000000088f00000, 0x0000000088f512a0, 0x0000000089000000| 31%| E|  |TAMS 0x0000000088f00000| PB 0x0000000088f00000| Complete |  0
|  80|0x0000000089000000, 0x0000000089100000, 0x0000000089100000|100%| E|CS|TAMS 0x0000000089000000| PB 0x0000000089000000| Complete |  0
|  81|0x0000000089100000, 0x0000000089200000, 0x0000000089200000|100%| E|CS|TAMS 0x0000000089100000| PB 0x0000000089100000| Complete |  0
|  82|0x0000000089200000, 0x0000000089300000, 0x0000000089300000|100%| E|CS|TAMS 0x0000000089200000| PB 0x0000000089200000| Complete |  0
|  83|0x0000000089300000, 0x0000000089400000, 0x0000000089400000|100%| E|CS|TAMS 0x0000000089300000| PB 0x0000000089300000| Complete |  0
|  84|0x0000000089400000, 0x0000000089500000, 0x0000000089500000|100%| E|CS|TAMS 0x0000000089400000| PB 0x0000000089400000| Complete |  0
|  85|0x0000000089500000, 0x0000000089600000, 0x0000000089600000|100%| E|CS|TAMS 0x0000000089500000| PB 0x0000000089500000| Complete |  0
|  86|0x0000000089600000, 0x0000000089700000, 0x0000000089700000|100%| E|CS|TAMS 0x0000000089600000| PB 0x0000000089600000| Complete |  0
|  87|0x0000000089700000, 0x0000000089800000, 0x0000000089800000|100%| E|CS|TAMS 0x0000000089700000| PB 0x0000000089700000| Complete |  0
|  88|0x0000000089800000, 0x0000000089900000, 0x0000000089900000|100%| E|CS|TAMS 0x0000000089800000| PB 0x0000000089800000| Complete |  0
|  89|0x0000000089900000, 0x0000000089a00000, 0x0000000089a00000|100%| E|CS|TAMS 0x0000000089900000| PB 0x0000000089900000| Complete |  0
|  90|0x0000000089a00000, 0x0000000089b00000, 0x0000000089b00000|100%| E|CS|TAMS 0x0000000089a00000| PB 0x0000000089a00000| Complete |  0
|  91|0x0000000089b00000, 0x0000000089c00000, 0x0000000089c00000|100%| E|CS|TAMS 0x0000000089b00000| PB 0x0000000089b00000| Complete |  0
|  92|0x0000000089c00000, 0x0000000089d00000, 0x0000000089d00000|100%| E|CS|TAMS 0x0000000089c00000| PB 0x0000000089c00000| Complete |  0
|  93|0x0000000089d00000, 0x0000000089e00000, 0x0000000089e00000|100%| E|CS|TAMS 0x0000000089d00000| PB 0x0000000089d00000| Complete |  0
|  94|0x0000000089e00000, 0x0000000089f00000, 0x0000000089f00000|100%| E|CS|TAMS 0x0000000089e00000| PB 0x0000000089e00000| Complete |  0
|  95|0x0000000089f00000, 0x000000008a000000, 0x000000008a000000|100%| E|CS|TAMS 0x0000000089f00000| PB 0x0000000089f00000| Complete |  0
|  96|0x000000008a000000, 0x000000008a100000, 0x000000008a100000|100%| E|CS|TAMS 0x000000008a000000| PB 0x000000008a000000| Complete |  0
|  97|0x000000008a100000, 0x000000008a200000, 0x000000008a200000|100%| E|  |TAMS 0x000000008a100000| PB 0x000000008a100000| Complete |  0
|  98|0x000000008a200000, 0x000000008a300000, 0x000000008a300000|100%| E|CS|TAMS 0x000000008a200000| PB 0x000000008a200000| Complete |  0
|  99|0x000000008a300000, 0x000000008a400000, 0x000000008a400000|100%| E|CS|TAMS 0x000000008a300000| PB 0x000000008a300000| Complete |  0
| 100|0x000000008a400000, 0x000000008a500000, 0x000000008a500000|100%| E|CS|TAMS 0x000000008a400000| PB 0x000000008a400000| Complete |  0
| 101|0x000000008a500000, 0x000000008a600000, 0x000000008a600000|100%| E|CS|TAMS 0x000000008a500000| PB 0x000000008a500000| Complete |  0
| 102|0x000000008a600000, 0x000000008a6b4c60, 0x000000008a700000| 70%| S|CS|TAMS 0x000000008a600000| PB 0x000000008a600000| Complete |  0
| 103|0x000000008a700000, 0x000000008a800000, 0x000000008a800000|100%| S|CS|TAMS 0x000000008a700000| PB 0x000000008a700000| Complete |  0
| 104|0x000000008a800000, 0x000000008a900000, 0x000000008a900000|100%| E|CS|TAMS 0x000000008a800000| PB 0x000000008a800000| Complete |  0
| 105|0x000000008a900000, 0x000000008aa00000, 0x000000008aa00000|100%| E|CS|TAMS 0x000000008a900000| PB 0x000000008a900000| Complete |  0
| 106|0x000000008aa00000, 0x000000008ab00000, 0x000000008ab00000|100%| E|CS|TAMS 0x000000008aa00000| PB 0x000000008aa00000| Complete |  0
| 107|0x000000008ab00000, 0x000000008ac00000, 0x000000008ac00000|100%| E|CS|TAMS 0x000000008ab00000| PB 0x000000008ab00000| Complete |  0
| 108|0x000000008ac00000, 0x000000008ad00000, 0x000000008ad00000|100%| E|CS|TAMS 0x000000008ac00000| PB 0x000000008ac00000| Complete |  0
| 109|0x000000008ad00000, 0x000000008ae00000, 0x000000008ae00000|100%| E|CS|TAMS 0x000000008ad00000| PB 0x000000008ad00000| Complete |  0
| 110|0x000000008ae00000, 0x000000008af00000, 0x000000008af00000|100%| E|CS|TAMS 0x000000008ae00000| PB 0x000000008ae00000| Complete |  0
| 111|0x000000008af00000, 0x000000008b000000, 0x000000008b000000|100%| E|CS|TAMS 0x000000008af00000| PB 0x000000008af00000| Complete |  0
| 112|0x000000008b000000, 0x000000008b100000, 0x000000008b100000|100%| E|CS|TAMS 0x000000008b000000| PB 0x000000008b000000| Complete |  0
| 113|0x000000008b100000, 0x000000008b200000, 0x000000008b200000|100%| E|CS|TAMS 0x000000008b100000| PB 0x000000008b100000| Complete |  0
| 114|0x000000008b200000, 0x000000008b300000, 0x000000008b300000|100%| E|CS|TAMS 0x000000008b200000| PB 0x000000008b200000| Complete |  0
| 115|0x000000008b300000, 0x000000008b400000, 0x000000008b400000|100%| E|CS|TAMS 0x000000008b300000| PB 0x000000008b300000| Complete |  0
| 116|0x000000008b400000, 0x000000008b500000, 0x000000008b500000|100%| E|CS|TAMS 0x000000008b400000| PB 0x000000008b400000| Complete |  0
| 117|0x000000008b500000, 0x000000008b600000, 0x000000008b600000|100%| E|CS|TAMS 0x000000008b500000| PB 0x000000008b500000| Complete |  0
| 118|0x000000008b600000, 0x000000008b700000, 0x000000008b700000|100%| E|CS|TAMS 0x000000008b600000| PB 0x000000008b600000| Complete |  0
| 119|0x000000008b700000, 0x000000008b800000, 0x000000008b800000|100%| E|CS|TAMS 0x000000008b700000| PB 0x000000008b700000| Complete |  0
| 120|0x000000008b800000, 0x000000008b900000, 0x000000008b900000|100%| E|CS|TAMS 0x000000008b800000| PB 0x000000008b800000| Complete |  0
| 121|0x000000008b900000, 0x000000008ba00000, 0x000000008ba00000|100%| E|CS|TAMS 0x000000008b900000| PB 0x000000008b900000| Complete |  0
| 122|0x000000008ba00000, 0x000000008bb00000, 0x000000008bb00000|100%| E|CS|TAMS 0x000000008ba00000| PB 0x000000008ba00000| Complete |  0
| 123|0x000000008bb00000, 0x000000008bc00000, 0x000000008bc00000|100%| E|CS|TAMS 0x000000008bb00000| PB 0x000000008bb00000| Complete |  0

Card table byte_map: [0x000001d675f60000,0x000001d676340000] _byte_map_base: 0x000001d675b40000

Marking Bits: (CMBitMap*) 0x000001d65ca76790
 Bits: [0x000001d676340000, 0x000001d678240000)

Polling page: 0x000001d65cae0000

Metaspace:

Usage:
  Non-class:     15.19 MB used.
      Class:      2.28 MB used.
       Both:     17.47 MB used.

Virtual space:
  Non-class space:       64.00 MB reserved,      15.44 MB ( 24%) committed,  1 nodes.
      Class space:        1.00 GB reserved,       2.50 MB ( <1%) committed,  1 nodes.
             Both:        1.06 GB reserved,      17.94 MB (  2%) committed. 

Chunk freelists:
   Non-Class:  415.00 KB
       Class:  13.56 MB
        Both:  13.97 MB

MaxMetaspaceSize: unlimited
CompressedClassSpaceSize: 1.00 GB
Initial GC threshold: 21.00 MB
Current GC threshold: 21.00 MB
CDS: on
 - commit_granule_bytes: 65536.
 - commit_granule_words: 8192.
 - virtual_space_node_default_size: 8388608.
 - enlarge_chunks_in_place: 1.
 - use_allocation_guard: 0.


Internal statistics:

num_allocs_failed_limit: 0.
num_arena_births: 466.
num_arena_deaths: 0.
num_vsnodes_births: 2.
num_vsnodes_deaths: 0.
num_space_committed: 287.
num_space_uncommitted: 0.
num_chunks_returned_to_freelist: 0.
num_chunks_taken_from_freelist: 854.
num_chunk_merges: 0.
num_chunk_splits: 555.
num_chunks_enlarged: 332.
num_inconsistent_stats: 0.

CodeHeap 'non-profiled nmethods': size=120000Kb used=1408Kb max_used=1408Kb free=118591Kb
 bounds [0x000001d66e030000, 0x000001d66e2a0000, 0x000001d675560000]
CodeHeap 'profiled nmethods': size=120000Kb used=7001Kb max_used=7001Kb free=112999Kb
 bounds [0x000001d666560000, 0x000001d666c40000, 0x000001d66da90000]
CodeHeap 'non-nmethods': size=5760Kb used=1857Kb max_used=1891Kb free=3903Kb
 bounds [0x000001d66da90000, 0x000001d66dd00000, 0x000001d66e030000]
 total_blobs=4212 nmethods=3515 adapters=601
 compilation: enabled
              stopped_count=0, restarted_count=0
 full_count=0

Compilation events (20 events):
Event: 31.029 Thread 0x000001d67a8940c0 3482   !   3       jdk.internal.reflect.DirectConstructorHandleAccessor::newInstance (130 bytes)
Event: 31.032 Thread 0x000001d67a8940c0 nmethod 3482 0x000001d666c1b290 code [0x000001d666c1b7c0, 0x000001d666c1db48]
Event: 31.032 Thread 0x000001d67a8940c0 3483       3       jdk.internal.reflect.DirectConstructorHandleAccessor::invokeImpl (103 bytes)
Event: 31.034 Thread 0x000001d67a8940c0 nmethod 3483 0x000001d666c1fc90 code [0x000001d666c20020, 0x000001d666c215c8]
Event: 31.053 Thread 0x000001d67a87eed0 3484       4       java.lang.invoke.Invokers$Holder::linkToTargetMethod (9 bytes)
Event: 31.053 Thread 0x000001d67a8940c0 3485       3       java.io.ObjectInputStream$BlockDataInputStream::readInt (73 bytes)
Event: 31.053 Thread 0x000001d67a87eed0 nmethod 3484 0x000001d66e18ef90 code [0x000001d66e18f120, 0x000001d66e18f218]
Event: 31.053 Thread 0x000001d67a8940c0 nmethod 3485 0x000001d666c22490 code [0x000001d666c22720, 0x000001d666c23360]
Event: 31.053 Thread 0x000001d67a8940c0 3487       3       java.util.TreeMap$KeySet::iterator (32 bytes)
Event: 31.054 Thread 0x000001d67a8940c0 nmethod 3487 0x000001d666c23b90 code [0x000001d666c23da0, 0x000001d666c24490]
Event: 31.054 Thread 0x000001d67a8940c0 3488       3       java.util.TreeMap::keyIterator (13 bytes)
Event: 31.054 Thread 0x000001d67a8940c0 nmethod 3488 0x000001d666c24890 code [0x000001d666c24a60, 0x000001d666c24f08]
Event: 31.054 Thread 0x000001d67a8940c0 3489       3       java.util.TreeMap$KeyIterator::<init> (7 bytes)
Event: 31.054 Thread 0x000001d67a8940c0 nmethod 3489 0x000001d666c25210 code [0x000001d666c253c0, 0x000001d666c25678]
Event: 31.054 Thread 0x000001d67a8940c0 3490       3       java.util.concurrent.locks.ReentrantReadWriteLock$ReadLock::lock (9 bytes)
Event: 31.054 Thread 0x000001d67a8940c0 nmethod 3490 0x000001d666c25810 code [0x000001d666c259c0, 0x000001d666c25b08]
Event: 31.054 Thread 0x000001d67a8940c0 3491       3       java.util.concurrent.locks.AbstractQueuedSynchronizer::acquireShared (20 bytes)
Event: 31.054 Thread 0x000001d67a8940c0 nmethod 3491 0x000001d666c25c10 code [0x000001d666c25dc0, 0x000001d666c26030]
Event: 31.054 Thread 0x000001d67a8940c0 3486       3       java.io.ObjectInputStream::readShort (8 bytes)
Event: 31.054 Thread 0x000001d67a8940c0 nmethod 3486 0x000001d666c26190 code [0x000001d666c26340, 0x000001d666c264a0]

GC Heap History (4 events):
Event: 0.682 GC heap before
{Heap before GC invocations=0 (full 0):
 garbage-first heap   total reserved 2031616K, committed 126976K, used 14336K [0x0000000084000000, 0x0000000100000000)
  region size 1024K, 14 young (14336K), 0 survivors (0K)
 Metaspace       used 4758K, committed 4992K, reserved 1114112K
  class space    used 546K, committed 704K, reserved 1048576K
}
Event: 0.693 GC heap after
{Heap after GC invocations=1 (full 0):
 garbage-first heap   total reserved 2031616K, committed 126976K, used 3264K [0x0000000084000000, 0x0000000100000000)
  region size 1024K, 2 young (2048K), 2 survivors (2048K)
 Metaspace       used 4758K, committed 4992K, reserved 1114112K
  class space    used 546K, committed 704K, reserved 1048576K
}
Event: 1.421 GC heap before
{Heap before GC invocations=1 (full 0):
 garbage-first heap   total reserved 2031616K, committed 126976K, used 20672K [0x0000000084000000, 0x0000000100000000)
  region size 1024K, 20 young (20480K), 2 survivors (2048K)
 Metaspace       used 9540K, committed 9856K, reserved 1114112K
  class space    used 1146K, committed 1280K, reserved 1048576K
}
Event: 1.430 GC heap after
{Heap after GC invocations=2 (full 0):
 garbage-first heap   total reserved 2031616K, committed 126976K, used 5105K [0x0000000084000000, 0x0000000100000000)
  region size 1024K, 2 young (2048K), 2 survivors (2048K)
 Metaspace       used 9540K, committed 9856K, reserved 1114112K
  class space    used 1146K, committed 1280K, reserved 1048576K
}

Dll operation events (20 events):
Event: 1.014 Loaded shared library C:\Users\Ronaud\.openjfx\cache\17.0.6\api-ms-win-crt-locale-l1-1-0.dll
Event: 1.018 Loaded shared library C:\Users\Ronaud\.openjfx\cache\17.0.6\api-ms-win-crt-math-l1-1-0.dll
Event: 1.023 Loaded shared library C:\Users\Ronaud\.openjfx\cache\17.0.6\api-ms-win-crt-multibyte-l1-1-0.dll
Event: 1.033 Loaded shared library C:\Users\Ronaud\.openjfx\cache\17.0.6\api-ms-win-crt-private-l1-1-0.dll
Event: 1.036 Loaded shared library C:\Users\Ronaud\.openjfx\cache\17.0.6\api-ms-win-crt-process-l1-1-0.dll
Event: 1.039 Loaded shared library C:\Users\Ronaud\.openjfx\cache\17.0.6\api-ms-win-crt-runtime-l1-1-0.dll
Event: 1.043 Loaded shared library C:\Users\Ronaud\.openjfx\cache\17.0.6\api-ms-win-crt-stdio-l1-1-0.dll
Event: 1.046 Loaded shared library C:\Users\Ronaud\.openjfx\cache\17.0.6\api-ms-win-crt-string-l1-1-0.dll
Event: 1.050 Loaded shared library C:\Users\Ronaud\.openjfx\cache\17.0.6\api-ms-win-crt-time-l1-1-0.dll
Event: 1.053 Loaded shared library C:\Users\Ronaud\.openjfx\cache\17.0.6\api-ms-win-crt-utility-l1-1-0.dll
Event: 1.079 Loaded shared library C:\Users\Ronaud\.openjfx\cache\17.0.6\ucrtbase.dll
Event: 1.084 Loaded shared library C:\Users\Ronaud\.openjfx\cache\17.0.6\vcruntime140.dll
Event: 1.093 Loaded shared library C:\Users\Ronaud\.openjfx\cache\17.0.6\vcruntime140_1.dll
Event: 1.104 Loaded shared library C:\Users\Ronaud\.openjfx\cache\17.0.6\msvcp140.dll
Event: 1.108 Loaded shared library C:\Users\Ronaud\.openjfx\cache\17.0.6\msvcp140_1.dll
Event: 1.113 Loaded shared library C:\Users\Ronaud\.openjfx\cache\17.0.6\msvcp140_2.dll
Event: 1.173 Loaded shared library C:\Users\Ronaud\.openjfx\cache\17.0.6\prism_d3d.dll
Event: 1.231 Loaded shared library C:\Users\Ronaud\.openjfx\cache\17.0.6\glass.dll
Event: 1.715 Loaded shared library C:\Users\Ronaud\.openjfx\cache\17.0.6\javafx_font.dll
Event: 21.945 Loaded shared library C:\Users\Ronaud\AppData\Local\Temp\idea_libasyncProfiler_dll_temp_folder\libasyncProfiler.dll

Deoptimization events (20 events):
Event: 22.230 Thread 0x000001d67a86dcf0 DEOPT PACKING pc=0x000001d66e088d28 sp=0x0000008c2ecfd3a0
Event: 22.230 Thread 0x000001d67a86dcf0 DEOPT UNPACKING pc=0x000001d66dae7da2 sp=0x0000008c2ecfd338 mode 2
Event: 22.230 Thread 0x000001d67a86dcf0 Uncommon trap: trap_request=0xffffff45 fr.pc=0x000001d66e08b0a8 relative=0x0000000000000308
Event: 22.230 Thread 0x000001d67a86dcf0 Uncommon trap: reason=unstable_if action=reinterpret pc=0x000001d66e08b0a8 method=jdk.internal.org.objectweb.asm.SymbolTable.put(Ljdk/internal/org/objectweb/asm/SymbolTable$Entry;)Ljdk/internal/org/objectweb/asm/SymbolTable$Entry; @ 13 c2
Event: 22.230 Thread 0x000001d67a86dcf0 DEOPT PACKING pc=0x000001d66e08b0a8 sp=0x0000008c2ecfd290
Event: 22.230 Thread 0x000001d67a86dcf0 DEOPT UNPACKING pc=0x000001d66dae7da2 sp=0x0000008c2ecfd210 mode 2
Event: 22.292 Thread 0x000001d67a86dcf0 Uncommon trap: trap_request=0xffffff45 fr.pc=0x000001d66e139e54 relative=0x0000000000001714
Event: 22.292 Thread 0x000001d67a86dcf0 Uncommon trap: reason=unstable_if action=reinterpret pc=0x000001d66e139e54 method=jdk.internal.org.objectweb.asm.Frame.execute(IILjdk/internal/org/objectweb/asm/Symbol;Ljdk/internal/org/objectweb/asm/SymbolTable;)V @ 1 c2
Event: 22.292 Thread 0x000001d67a86dcf0 DEOPT PACKING pc=0x000001d66e139e54 sp=0x0000008c2ecfd420
Event: 22.292 Thread 0x000001d67a86dcf0 DEOPT UNPACKING pc=0x000001d66dae7da2 sp=0x0000008c2ecfd388 mode 2
Event: 22.298 Thread 0x000001d67a86dcf0 Uncommon trap: trap_request=0xffffff45 fr.pc=0x000001d66e0b4a14 relative=0x0000000000000c34
Event: 22.298 Thread 0x000001d67a86dcf0 Uncommon trap: reason=unstable_if action=reinterpret pc=0x000001d66e0b4a14 method=jdk.internal.org.objectweb.asm.SymbolTable.put(Ljdk/internal/org/objectweb/asm/SymbolTable$Entry;)Ljdk/internal/org/objectweb/asm/SymbolTable$Entry; @ 13 c2
Event: 22.298 Thread 0x000001d67a86dcf0 DEOPT PACKING pc=0x000001d66e0b4a14 sp=0x0000008c2ecfcf50
Event: 22.298 Thread 0x000001d67a86dcf0 DEOPT UNPACKING pc=0x000001d66dae7da2 sp=0x0000008c2ecfce88 mode 2
Event: 22.431 Thread 0x000001d67a86dcf0 DEOPT PACKING pc=0x000001d666b30142 sp=0x0000008c2ecfeaf0
Event: 22.431 Thread 0x000001d67a86dcf0 DEOPT UNPACKING pc=0x000001d66dae88e2 sp=0x0000008c2ecfe018 mode 0
Event: 22.546 Thread 0x000001d645e68f20 DEOPT PACKING pc=0x000001d66684a89c sp=0x0000008c2f9fea10
Event: 22.546 Thread 0x000001d645e68f20 DEOPT UNPACKING pc=0x000001d66dae88e2 sp=0x0000008c2f9fdee0 mode 0
Event: 22.546 Thread 0x000001d645e68f20 DEOPT PACKING pc=0x000001d6668489cc sp=0x0000008c2f9fea80
Event: 22.546 Thread 0x000001d645e68f20 DEOPT UNPACKING pc=0x000001d66dae88e2 sp=0x0000008c2f9fdf80 mode 0

Classes loaded (20 events):
Event: 22.403 Loading class jdk/jfr/internal/MetadataDescriptor$Element
Event: 22.403 Loading class jdk/jfr/internal/MetadataDescriptor$Element done
Event: 22.404 Loading class jdk/jfr/internal/MetadataDescriptor$Attribute
Event: 22.405 Loading class jdk/jfr/internal/MetadataDescriptor$Attribute done
Event: 22.424 Loading class jdk/jfr/internal/consumer/StringParser$Encoding
Event: 22.424 Loading class jdk/jfr/internal/consumer/StringParser$Encoding done
Event: 22.442 Loading class jdk/jfr/internal/consumer/RepositoryFiles
Event: 22.442 Loading class jdk/jfr/internal/consumer/RepositoryFiles done
Event: 22.446 Loading class jdk/jfr/internal/SettingsManager$InternalSetting
Event: 22.447 Loading class jdk/jfr/internal/SettingsManager$InternalSetting done
Event: 22.450 Loading class jdk/jfr/internal/util/ValueParser
Event: 22.450 Loading class jdk/jfr/internal/util/ValueParser done
Event: 22.451 Loading class jdk/jfr/internal/settings/ThrottleUnit
Event: 22.451 Loading class jdk/jfr/internal/settings/ThrottleUnit done
Event: 22.452 Loading class jdk/jfr/internal/periodic/PeriodicType
Event: 22.452 Loading class jdk/jfr/internal/periodic/PeriodicType done
Event: 22.474 Loading class jdk/jfr/internal/periodic/Batch
Event: 22.474 Loading class jdk/jfr/internal/periodic/Batch done
Event: 29.996 Loading class java/util/concurrent/locks/ReentrantReadWriteLock$Sync$HoldCounter
Event: 29.996 Loading class java/util/concurrent/locks/ReentrantReadWriteLock$Sync$HoldCounter done

Classes unloaded (0 events):
No events

Classes redefined (4 events):
Event: 22.323 Thread 0x000001d67a84ad20 redefined class name=java.io.FileInputStream, count=1
Event: 22.323 Thread 0x000001d67a84ad20 redefined class name=java.io.FileOutputStream, count=1
Event: 22.323 Thread 0x000001d67a84ad20 redefined class name=java.io.RandomAccessFile, count=1
Event: 22.323 Thread 0x000001d67a84ad20 redefined class name=sun.nio.ch.FileChannelImpl, count=1

Internal exceptions (20 events):
Event: 1.663 Thread 0x000001d6461525c0 Exception <a 'java/lang/NoSuchMethodError'{0x000000008b163e90}: 'void java.lang.invoke.DirectMethodHandle$Holder.invokeSpecial(java.lang.Object, java.lang.Object, int)'> (0x000000008b163e90) 
thrown [s\open\src\hotspot\share\interpreter\linkResolver.cpp, line 774]
Event: 1.664 Thread 0x000001d6461525c0 Exception <a 'java/lang/NoSuchMethodError'{0x000000008b167ce0}: 'int java.lang.invoke.DirectMethodHandle$Holder.invokeSpecial(java.lang.Object, java.lang.Object, java.lang.Object, int)'> (0x000000008b167ce0) 
thrown [s\open\src\hotspot\share\interpreter\linkResolver.cpp, line 774]
Event: 1.664 Thread 0x000001d6461525c0 Exception <a 'java/lang/NoSuchMethodError'{0x000000008b16eb80}: 'void java.lang.invoke.DelegatingMethodHandle$Holder.reinvoke_L(java.lang.Object, java.lang.Object, int)'> (0x000000008b16eb80) 
thrown [s\open\src\hotspot\share\interpreter\linkResolver.cpp, line 774]
Event: 1.685 Thread 0x000001d6461525c0 Exception <a 'java/lang/ClassNotFoundException'{0x000000008b0305d0}: com/sun/glass/ui/win/themes> (0x000000008b0305d0) 
thrown [s\open\src\hotspot\share\prims\jni.cpp, line 539]
Event: 1.688 Thread 0x000001d6461525c0 Exception <a 'java/lang/ClassNotFoundException'{0x000000008b038860}: com/sun/glass/ui/win/themes_pt> (0x000000008b038860) 
thrown [s\open\src\hotspot\share\prims\jni.cpp, line 539]
Event: 1.689 Thread 0x000001d6461525c0 Exception <a 'java/lang/ClassNotFoundException'{0x000000008b039630}: com/sun/glass/ui/win/themes_pt_BR> (0x000000008b039630) 
thrown [s\open\src\hotspot\share\prims\jni.cpp, line 539]
Event: 1.900 Thread 0x000001d6461525c0 Exception <a 'java/lang/NoSuchMethodError'{0x000000008a8cd9b8}: 'java.lang.Object java.lang.invoke.DirectMethodHandle$Holder.newInvokeSpecial(java.lang.Object, double)'> (0x000000008a8cd9b8) 
thrown [s\open\src\hotspot\share\interpreter\linkResolver.cpp, line 774]
Event: 1.970 Thread 0x000001d6461525c0 Exception <a 'java/io/FileNotFoundException'{0x000000008a591090}> (0x000000008a591090) 
thrown [s\open\src\hotspot\share\prims\jni.cpp, line 520]
Event: 1.980 Thread 0x000001d6461525c0 Exception <a 'java/io/FileNotFoundException'{0x000000008a5c8570}> (0x000000008a5c8570) 
thrown [s\open\src\hotspot\share\prims\jni.cpp, line 520]
Event: 1.994 Thread 0x000001d6461525c0 Exception <a 'java/io/FileNotFoundException'{0x000000008a5edf80}> (0x000000008a5edf80) 
thrown [s\open\src\hotspot\share\prims\jni.cpp, line 520]
Event: 2.003 Thread 0x000001d6461525c0 Exception <a 'java/io/FileNotFoundException'{0x000000008a410150}> (0x000000008a410150) 
thrown [s\open\src\hotspot\share\prims\jni.cpp, line 520]
Event: 2.017 Thread 0x000001d6461525c0 Exception <a 'java/io/FileNotFoundException'{0x000000008a46be80}> (0x000000008a46be80) 
thrown [s\open\src\hotspot\share\prims\jni.cpp, line 520]
Event: 2.150 Thread 0x000001d645e68f20 Exception <a 'java/lang/NoSuchMethodError'{0x0000000089feb3c0}: 'long java.lang.invoke.DirectMethodHandle$Holder.invokeVirtual(java.lang.Object, java.lang.Object)'> (0x0000000089feb3c0) 
thrown [s\open\src\hotspot\share\interpreter\linkResolver.cpp, line 774]
Event: 2.150 Thread 0x000001d645e68f20 Exception <a 'java/lang/NoSuchMethodError'{0x0000000089fee9a0}: 'long java.lang.invoke.DelegatingMethodHandle$Holder.reinvoke_L(java.lang.Object, java.lang.Object)'> (0x0000000089fee9a0) 
thrown [s\open\src\hotspot\share\interpreter\linkResolver.cpp, line 774]
Event: 22.196 Thread 0x000001d67a86dcf0 Exception <a 'java/lang/NoSuchMethodError'{0x0000000089870080}: 'void java.lang.invoke.Invokers$Holder.invokeExact_MT(java.lang.Object, int, java.lang.Object)'> (0x0000000089870080) 
thrown [s\open\src\hotspot\share\interpreter\linkResolver.cpp, line 774]
Event: 22.341 Thread 0x000001d67a86dcf0 Exception <a 'java/lang/NoSuchMethodError'{0x00000000894e3788}: 'void java.lang.invoke.DirectMethodHandle$Holder.invokeStatic(java.lang.Object, java.lang.Object, int)'> (0x00000000894e3788) 
thrown [s\open\src\hotspot\share\interpreter\linkResolver.cpp, line 774]
Event: 22.342 Thread 0x000001d67a86dcf0 Exception <a 'java/lang/NoSuchMethodError'{0x00000000894ff630}: 'java.lang.Object java.lang.invoke.DirectMethodHandle$Holder.newInvokeSpecial(java.lang.Object, java.lang.Object, int)'> (0x00000000894ff630) 
thrown [s\open\src\hotspot\share\interpreter\linkResolver.cpp, line 774]
Event: 22.363 Thread 0x000001d67a86dcf0 Exception <a 'sun/nio/fs/WindowsException'{0x000000008931fe38}> (0x000000008931fe38) 
thrown [s\open\src\hotspot\share\prims\jni.cpp, line 520]
Event: 22.369 Thread 0x000001d67a86dcf0 Exception <a 'sun/nio/fs/WindowsException'{0x0000000089327898}> (0x0000000089327898) 
thrown [s\open\src\hotspot\share\prims\jni.cpp, line 520]
Event: 22.383 Thread 0x000001d67a86dcf0 Exception <a 'sun/nio/fs/WindowsException'{0x000000008932f230}> (0x000000008932f230) 
thrown [s\open\src\hotspot\share\prims\jni.cpp, line 520]

ZGC Phase Switch (0 events):
No events

VM Operations (20 events):
Event: 18.122 Executing VM operation: Cleanup
Event: 18.122 Executing VM operation: Cleanup done
Event: 22.129 Executing VM operation: Cleanup
Event: 22.134 Executing VM operation: Cleanup done
Event: 22.215 Executing VM operation: HandshakeAllThreads (Deoptimize)
Event: 22.215 Executing VM operation: HandshakeAllThreads (Deoptimize) done
Event: 22.316 Executing VM operation: RedefineClasses
Event: 22.338 Executing VM operation: RedefineClasses done
Event: 22.443 Executing VM operation: JFRCheckpoint
Event: 22.443 Executing VM operation: JFRCheckpoint done
Event: 24.444 Executing VM operation: Cleanup
Event: 24.444 Executing VM operation: Cleanup done
Event: 26.445 Executing VM operation: Cleanup
Event: 26.445 Executing VM operation: Cleanup done
Event: 28.446 Executing VM operation: Cleanup
Event: 28.446 Executing VM operation: Cleanup done
Event: 30.447 Executing VM operation: Cleanup
Event: 30.447 Executing VM operation: Cleanup done
Event: 31.447 Executing VM operation: Cleanup
Event: 31.448 Executing VM operation: Cleanup done

Memory protections (0 events):
No events

Nmethod flushes (0 events):
No events

Events (20 events):
Event: 0.068 Thread 0x000001d65c904490 Thread added: 0x000001d67a8940c0
Event: 0.102 Thread 0x000001d65c904490 Thread added: 0x000001d6451a6d60
Event: 0.182 Thread 0x000001d67a8940c0 Thread added: 0x000001d6452c64e0
Event: 0.435 Thread 0x000001d65c904490 Thread added: 0x000001d64580a610
Event: 0.435 Thread 0x000001d65c904490 Thread added: 0x000001d6457a12b0
Event: 0.897 Thread 0x000001d67a86dcf0 Thread added: 0x000001d645fef010
Event: 0.918 Thread 0x000001d645fef010 Thread added: 0x000001d645e68f20
Event: 0.941 Thread 0x000001d645e68f20 Thread added: 0x000001d645de09e0
Event: 0.951 Thread 0x000001d645e68f20 Thread added: 0x000001d645e05af0
Event: 1.155 Thread 0x000001d65c904490 Thread added: 0x000001d645a69340
Event: 1.235 Thread 0x000001d65c904490 Thread added: 0x000001d64605dea0
Event: 1.239 Thread 0x000001d65c904490 Thread added: 0x000001d6461525c0
Event: 1.296 Thread 0x000001d6452c64e0 Thread exited: 0x000001d6452c64e0
Event: 1.380 Thread 0x000001d65c904490 Thread added: 0x000001d6460a16f0
Event: 1.384 Thread 0x000001d6460a1d80 Thread added: 0x000001d6460a1d80
Event: 21.989 Thread 0x000001d67a86dcf0 Thread added: 0x000001d6460a2aa0
Event: 22.355 Thread 0x000001d67a86dcf0 Thread added: 0x000001d6460a3130
Event: 22.515 Thread 0x000001d6460a37c0 Thread added: 0x000001d6460a37c0
Event: 22.516 Thread 0x000001d67a86dcf0 Thread added: 0x000001d64da73870
Event: 23.761 Thread 0x000001d645fef010 Thread added: 0x000001d645714770


Dynamic libraries:
0x00007ff787d80000 - 0x00007ff787d90000 	C:\Program Files\Java\jdk-22\bin\java.exe
0x00007ffdedd90000 - 0x00007ffdedfa7000 	C:\windows\SYSTEM32\ntdll.dll
0x00007ffdecaa0000 - 0x00007ffdecb64000 	C:\windows\System32\KERNEL32.DLL
0x00007ffdeb0a0000 - 0x00007ffdeb471000 	C:\windows\System32\KERNELBASE.dll
0x00007ffdeb910000 - 0x00007ffdeba21000 	C:\windows\System32\ucrtbase.dll
0x00007ffdce6f0000 - 0x00007ffdce707000 	C:\Program Files\Java\jdk-22\bin\jli.dll
0x00007ffdc7980000 - 0x00007ffdc799b000 	C:\Program Files\Java\jdk-22\bin\VCRUNTIME140.dll
0x00007ffdebcc0000 - 0x00007ffdebe71000 	C:\windows\System32\USER32.dll
0x00007ffdeb8b0000 - 0x00007ffdeb8d6000 	C:\windows\System32\win32u.dll
0x00007ffdc8260000 - 0x00007ffdc84f2000 	C:\windows\WinSxS\amd64_microsoft.windows.common-controls_6595b64144ccf1df_6.0.22621.4830_none_270fe7d773858e80\COMCTL32.dll
0x00007ffdedc60000 - 0x00007ffdedd07000 	C:\windows\System32\msvcrt.dll
0x00007ffdebe80000 - 0x00007ffdebea9000 	C:\windows\System32\GDI32.dll
0x00007ffdeb670000 - 0x00007ffdeb78b000 	C:\windows\System32\gdi32full.dll
0x00007ffdeb790000 - 0x00007ffdeb82a000 	C:\windows\System32\msvcp_win.dll
0x00007ffdedc20000 - 0x00007ffdedc51000 	C:\windows\System32\IMM32.DLL
0x00007ffde5930000 - 0x00007ffde593c000 	C:\Program Files\Java\jdk-22\bin\vcruntime140_1.dll
0x00007ffdc1b10000 - 0x00007ffdc1b9e000 	C:\Program Files\Java\jdk-22\bin\msvcp140.dll
0x00007ffd99090000 - 0x00007ffd99dd9000 	C:\Program Files\Java\jdk-22\bin\server\jvm.dll
0x00007ffdeba30000 - 0x00007ffdebae1000 	C:\windows\System32\ADVAPI32.dll
0x00007ffdec450000 - 0x00007ffdec4f7000 	C:\windows\System32\sechost.dll
0x00007ffdeb8e0000 - 0x00007ffdeb908000 	C:\windows\System32\bcrypt.dll
0x00007ffdec770000 - 0x00007ffdec884000 	C:\windows\System32\RPCRT4.dll
0x00007ffdecc70000 - 0x00007ffdecce1000 	C:\windows\System32\WS2_32.dll
0x00007ffdead70000 - 0x00007ffdeadbd000 	C:\windows\SYSTEM32\POWRPROF.dll
0x00007ffde5660000 - 0x00007ffde5694000 	C:\windows\SYSTEM32\WINMM.dll
0x00007ffde3080000 - 0x00007ffde308a000 	C:\windows\SYSTEM32\VERSION.dll
0x00007ffdead50000 - 0x00007ffdead63000 	C:\windows\SYSTEM32\UMPDC.dll
0x00007ffde9eb0000 - 0x00007ffde9ec8000 	C:\windows\SYSTEM32\kernel.appcore.dll
0x00007ffde3880000 - 0x00007ffde388a000 	C:\Program Files\Java\jdk-22\bin\jimage.dll
0x00007ffde8600000 - 0x00007ffde8832000 	C:\windows\SYSTEM32\DBGHELP.DLL
0x00007ffded870000 - 0x00007ffdedc00000 	C:\windows\System32\combase.dll
0x00007ffdecdd0000 - 0x00007ffdecea7000 	C:\windows\System32\OLEAUT32.dll
0x00007ffdc8500000 - 0x00007ffdc8532000 	C:\windows\SYSTEM32\dbgcore.DLL
0x00007ffdeb830000 - 0x00007ffdeb8ab000 	C:\windows\System32\bcryptPrimitives.dll
0x00007ffdc6880000 - 0x00007ffdc688f000 	C:\Program Files\Java\jdk-22\bin\instrument.dll
0x00007ffdc57c0000 - 0x00007ffdc57de000 	C:\Program Files\Java\jdk-22\bin\java.dll
0x00007ffdeceb0000 - 0x00007ffded738000 	C:\windows\System32\SHELL32.dll
0x00007ffdeaea0000 - 0x00007ffdeafdf000 	C:\windows\System32\wintypes.dll
0x00007ffdec890000 - 0x00007ffdeca31000 	C:\windows\System32\ole32.dll
0x00007ffde8db0000 - 0x00007ffde96bd000 	C:\windows\SYSTEM32\windows.storage.dll
0x00007ffded760000 - 0x00007ffded86a000 	C:\windows\System32\SHCORE.dll
0x00007ffdeca40000 - 0x00007ffdeca9e000 	C:\windows\System32\shlwapi.dll
0x00007ffdeadd0000 - 0x00007ffdeadfb000 	C:\windows\SYSTEM32\profapi.dll
0x00007ffdb3540000 - 0x00007ffdb3617000 	C:\Program Files\Java\jdk-22\bin\jsvml.dll
0x00007ffdd13c0000 - 0x00007ffdd13d0000 	C:\Program Files\Java\jdk-22\bin\net.dll
0x00007ffdea320000 - 0x00007ffdea38a000 	C:\windows\system32\mswsock.dll
0x00007ffdc3750000 - 0x00007ffdc3766000 	C:\Program Files\Java\jdk-22\bin\nio.dll
0x00007ffdc3730000 - 0x00007ffdc3747000 	C:\Program Files\Java\jdk-22\bin\zip.dll
0x00007ffde99e0000 - 0x00007ffde9ae2000 	C:\windows\SYSTEM32\DNSAPI.dll
0x00007ffde99b0000 - 0x00007ffde99dd000 	C:\windows\SYSTEM32\IPHLPAPI.DLL
0x00007ffdecc60000 - 0x00007ffdecc69000 	C:\windows\System32\NSI.dll
0x00007ffde51f0000 - 0x00007ffde51fa000 	C:\Windows\System32\rasadhlp.dll
0x00007ffde4e90000 - 0x00007ffde4f13000 	C:\windows\System32\fwpuclnt.dll
0x00007ffdc6870000 - 0x00007ffdc687a000 	C:\Program Files\Java\jdk-22\bin\management.dll
0x00007ffdc6860000 - 0x00007ffdc686b000 	C:\Program Files\Java\jdk-22\bin\management_ext.dll
0x00007ffdedd10000 - 0x00007ffdedd18000 	C:\windows\System32\PSAPI.DLL
0x000001d647040000 - 0x000001d647043000 	C:\Users\Ronaud\.openjfx\cache\17.0.6\api-ms-win-core-console-l1-1-0.dll
0x000001d647050000 - 0x000001d647053000 	C:\Users\Ronaud\.openjfx\cache\17.0.6\api-ms-win-core-console-l1-2-0.dll
0x000001d647060000 - 0x000001d647063000 	C:\Users\Ronaud\.openjfx\cache\17.0.6\api-ms-win-core-datetime-l1-1-0.dll
0x000001d647070000 - 0x000001d647073000 	C:\Users\Ronaud\.openjfx\cache\17.0.6\api-ms-win-core-debug-l1-1-0.dll
0x000001d647080000 - 0x000001d647083000 	C:\Users\Ronaud\.openjfx\cache\17.0.6\api-ms-win-core-errorhandling-l1-1-0.dll
0x000001d647090000 - 0x000001d647094000 	C:\Users\Ronaud\.openjfx\cache\17.0.6\api-ms-win-core-file-l1-1-0.dll
0x000001d6470a0000 - 0x000001d6470a3000 	C:\Users\Ronaud\.openjfx\cache\17.0.6\api-ms-win-core-file-l1-2-0.dll
0x00007ffdea540000 - 0x00007ffdea55b000 	C:\windows\SYSTEM32\CRYPTSP.dll
0x00007ffde9e10000 - 0x00007ffde9e47000 	C:\windows\system32\rsaenh.dll
0x00007ffdea3c0000 - 0x00007ffdea3e8000 	C:\windows\SYSTEM32\USERENV.dll
0x00007ffdea560000 - 0x00007ffdea56c000 	C:\windows\SYSTEM32\CRYPTBASE.dll
0x00007ffdc69f0000 - 0x00007ffdc6a07000 	C:\windows\system32\napinsp.dll
0x00007ffdc56f0000 - 0x00007ffdc570b000 	C:\windows\system32\pnrpnsp.dll
0x00007ffdc4c20000 - 0x00007ffdc4c31000 	C:\windows\System32\winrnr.dll
0x00007ffdba610000 - 0x00007ffdba625000 	C:\windows\system32\wshbth.dll
0x00007ffdb0390000 - 0x00007ffdb03b7000 	C:\windows\system32\nlansp_c.dll
0x000001d6470b0000 - 0x000001d6470b3000 	C:\Users\Ronaud\.openjfx\cache\17.0.6\api-ms-win-core-file-l2-1-0.dll
0x000001d6470c0000 - 0x000001d6470c3000 	C:\Users\Ronaud\.openjfx\cache\17.0.6\api-ms-win-core-handle-l1-1-0.dll
0x000001d6470d0000 - 0x000001d6470d3000 	C:\Users\Ronaud\.openjfx\cache\17.0.6\api-ms-win-core-heap-l1-1-0.dll
0x000001d6470e0000 - 0x000001d6470e3000 	C:\Users\Ronaud\.openjfx\cache\17.0.6\api-ms-win-core-interlocked-l1-1-0.dll
0x000001d6470f0000 - 0x000001d6470f3000 	C:\Users\Ronaud\.openjfx\cache\17.0.6\api-ms-win-core-libraryloader-l1-1-0.dll
0x000001d647100000 - 0x000001d647103000 	C:\Users\Ronaud\.openjfx\cache\17.0.6\api-ms-win-core-localization-l1-2-0.dll
0x000001d647110000 - 0x000001d647113000 	C:\Users\Ronaud\.openjfx\cache\17.0.6\api-ms-win-core-memory-l1-1-0.dll
0x000001d647120000 - 0x000001d647123000 	C:\Users\Ronaud\.openjfx\cache\17.0.6\api-ms-win-core-namedpipe-l1-1-0.dll
0x000001d647130000 - 0x000001d647133000 	C:\Users\Ronaud\.openjfx\cache\17.0.6\api-ms-win-core-processenvironment-l1-1-0.dll
0x000001d647140000 - 0x000001d647143000 	C:\Users\Ronaud\.openjfx\cache\17.0.6\api-ms-win-core-processthreads-l1-1-0.dll
0x000001d647150000 - 0x000001d647153000 	C:\Users\Ronaud\.openjfx\cache\17.0.6\api-ms-win-core-processthreads-l1-1-1.dll
0x000001d647160000 - 0x000001d647163000 	C:\Users\Ronaud\.openjfx\cache\17.0.6\api-ms-win-core-profile-l1-1-0.dll
0x000001d647170000 - 0x000001d647173000 	C:\Users\Ronaud\.openjfx\cache\17.0.6\api-ms-win-core-rtlsupport-l1-1-0.dll
0x000001d647180000 - 0x000001d647183000 	C:\Users\Ronaud\.openjfx\cache\17.0.6\api-ms-win-core-string-l1-1-0.dll
0x000001d647290000 - 0x000001d647293000 	C:\Users\Ronaud\.openjfx\cache\17.0.6\api-ms-win-core-synch-l1-1-0.dll
0x000001d6472a0000 - 0x000001d6472a3000 	C:\Users\Ronaud\.openjfx\cache\17.0.6\api-ms-win-core-synch-l1-2-0.dll
0x000001d6472b0000 - 0x000001d6472b3000 	C:\Users\Ronaud\.openjfx\cache\17.0.6\api-ms-win-core-sysinfo-l1-1-0.dll
0x000001d6472c0000 - 0x000001d6472c3000 	C:\Users\Ronaud\.openjfx\cache\17.0.6\api-ms-win-core-timezone-l1-1-0.dll
0x000001d6472d0000 - 0x000001d6472d3000 	C:\Users\Ronaud\.openjfx\cache\17.0.6\api-ms-win-core-util-l1-1-0.dll
0x000001d6472e0000 - 0x000001d6472e3000 	C:\Users\Ronaud\.openjfx\cache\17.0.6\api-ms-win-crt-conio-l1-1-0.dll
0x00007ffdbc090000 - 0x00007ffdbc0e0000 	C:\windows\SYSTEM32\pdh.dll
0x000001d6472f0000 - 0x000001d6472f4000 	C:\Users\Ronaud\.openjfx\cache\17.0.6\api-ms-win-crt-convert-l1-1-0.dll
0x000001d647320000 - 0x000001d647323000 	C:\Users\Ronaud\.openjfx\cache\17.0.6\api-ms-win-crt-environment-l1-1-0.dll
0x000001d647300000 - 0x000001d647303000 	C:\Users\Ronaud\.openjfx\cache\17.0.6\api-ms-win-crt-filesystem-l1-1-0.dll
0x000001d647310000 - 0x000001d647313000 	C:\Users\Ronaud\.openjfx\cache\17.0.6\api-ms-win-crt-heap-l1-1-0.dll
0x000001d647500000 - 0x000001d647503000 	C:\Users\Ronaud\.openjfx\cache\17.0.6\api-ms-win-crt-locale-l1-1-0.dll
0x000001d647360000 - 0x000001d647365000 	C:\Users\Ronaud\.openjfx\cache\17.0.6\api-ms-win-crt-math-l1-1-0.dll
0x000001d647370000 - 0x000001d647375000 	C:\Users\Ronaud\.openjfx\cache\17.0.6\api-ms-win-crt-multibyte-l1-1-0.dll
0x000001d647380000 - 0x000001d647390000 	C:\Users\Ronaud\.openjfx\cache\17.0.6\api-ms-win-crt-private-l1-1-0.dll
0x000001d647390000 - 0x000001d647393000 	C:\Users\Ronaud\.openjfx\cache\17.0.6\api-ms-win-crt-process-l1-1-0.dll
0x000001d6473a0000 - 0x000001d6473a4000 	C:\Users\Ronaud\.openjfx\cache\17.0.6\api-ms-win-crt-runtime-l1-1-0.dll
0x000001d6473b0000 - 0x000001d6473b4000 	C:\Users\Ronaud\.openjfx\cache\17.0.6\api-ms-win-crt-stdio-l1-1-0.dll
0x000001d6473c0000 - 0x000001d6473c4000 	C:\Users\Ronaud\.openjfx\cache\17.0.6\api-ms-win-crt-string-l1-1-0.dll
0x000001d6473d0000 - 0x000001d6473d3000 	C:\Users\Ronaud\.openjfx\cache\17.0.6\api-ms-win-crt-time-l1-1-0.dll
0x000001d6473e0000 - 0x000001d6473e3000 	C:\Users\Ronaud\.openjfx\cache\17.0.6\api-ms-win-crt-utility-l1-1-0.dll
0x00007ffda8030000 - 0x00007ffda812c000 	C:\Users\Ronaud\.openjfx\cache\17.0.6\ucrtbase.dll
0x00007ffdc4b60000 - 0x00007ffdc4b7a000 	C:\Users\Ronaud\.openjfx\cache\17.0.6\vcruntime140.dll
0x00007ffdc57e0000 - 0x00007ffdc57ec000 	C:\Users\Ronaud\.openjfx\cache\17.0.6\vcruntime140_1.dll
0x00007ffdb13e0000 - 0x00007ffdb146d000 	C:\Users\Ronaud\.openjfx\cache\17.0.6\msvcp140.dll
0x00007ffdc3720000 - 0x00007ffdc3729000 	C:\Users\Ronaud\.openjfx\cache\17.0.6\msvcp140_1.dll
0x00007ffdc1bd0000 - 0x00007ffdc1bff000 	C:\Users\Ronaud\.openjfx\cache\17.0.6\msvcp140_2.dll
0x00007ffdb9f30000 - 0x00007ffdb9f5a000 	C:\Users\Ronaud\.openjfx\cache\17.0.6\prism_d3d.dll
0x00007ffd75740000 - 0x00007ffd758e8000 	C:\windows\system32\d3d9.dll
0x00007ffde7760000 - 0x00007ffde778b000 	C:\windows\SYSTEM32\dwmapi.dll
0x00007ffde7c10000 - 0x00007ffde7c47000 	C:\windows\SYSTEM32\dxcore.dll
0x00007ffde66a0000 - 0x00007ffde6753000 	C:\windows\system32\uxtheme.dll
0x00007ffd9b7f0000 - 0x00007ffd9ba8f000 	C:\windows\System32\DriverStore\FileRepository\iigd_dch.inf_amd64_71f77bbfbffaa5bc\igdumdim64.dll
0x00007ffd6d060000 - 0x00007ffd6e760000 	C:\windows\System32\DriverStore\FileRepository\iigd_dch.inf_amd64_71f77bbfbffaa5bc\igd9dxva64.dll
0x00007ffdebfd0000 - 0x00007ffdec444000 	C:\windows\System32\SETUPAPI.dll
0x00007ffdeaaa0000 - 0x00007ffdeaaee000 	C:\windows\SYSTEM32\cfgmgr32.dll
0x00007ffd909d0000 - 0x00007ffd92a42000 	C:\windows\System32\DriverStore\FileRepository\iigd_dch.inf_amd64_71f77bbfbffaa5bc\media_bin_64.dll
0x00007ffddaf10000 - 0x00007ffddb4a1000 	C:\windows\System32\DriverStore\FileRepository\iigd_dch.inf_amd64_71f77bbfbffaa5bc\igdgmm64.dll
0x00007ffdddfb0000 - 0x00007ffdddff9000 	C:\windows\SYSTEM32\directxdatabasehelper.dll
0x00007ffdb9ee0000 - 0x00007ffdb9f22000 	C:\Users\Ronaud\.openjfx\cache\17.0.6\glass.dll
0x00007ffdebeb0000 - 0x00007ffdebfb2000 	C:\windows\System32\COMDLG32.dll
0x0000000180000000 - 0x000000018326a000 	C:\Program Files (x86)\RivaTuner Statistics Server\RTSSHooks64.dll

dbghelp: loaded successfully - version: 4.0.5 - missing functions: none
symbol engine: initialized successfully - sym options: 0x614 - pdb path: .;C:\Program Files\Java\jdk-22\bin;C:\windows\SYSTEM32;C:\windows\WinSxS\amd64_microsoft.windows.common-controls_6595b64144ccf1df_6.0.22621.4830_none_270fe7d773858e80;C:\Program Files\Java\jdk-22\bin\server;C:\Users\Ronaud\.openjfx\cache\17.0.6;C:\windows\System32\DriverStore\FileRepository\iigd_dch.inf_amd64_71f77bbfbffaa5bc;C:\Program Files (x86)\RivaTuner Statistics Server;C:\Users\Ronaud\AppData\Local\Temp\idea_libasyncProfiler_dll_temp_folder

VM Arguments:
jvm_args: -javaagent:C:\Program Files\JetBrains\IntelliJ IDEA 2025.1.1.1\lib\idea_rt.jar=63770 -Dfile.encoding=UTF-8 -Dsun.stdout.encoding=UTF-8 -Dsun.stderr.encoding=UTF-8 --module-path=C:\Users\Ronaud\IdeaProjects\project_adotonautas\target\classes;C:\Users\Ronaud\.m2\repository\org\openjfx\javafx-fxml\17.0.6\javafx-fxml-17.0.6-win.jar;C:\Users\Ronaud\.m2\repository\org\openjfx\javafx-controls\17.0.6\javafx-controls-17.0.6-win.jar;C:\Users\Ronaud\.m2\repository\org\openjfx\javafx-graphics\17.0.6\javafx-graphics-17.0.6-win.jar;C:\Users\Ronaud\.m2\repository\org\openjfx\javafx-base\17.0.6\javafx-base-17.0.6-win.jar -Djdk.module.main=com.example.project_adotonautas 
java_command: com.example.project_adotonautas/com.example.project_adotonautas.InicialApplication
java_class_path (initial): C:\Users\Ronaud\.m2\repository\org\openjfx\javafx-controls\17.0.6\javafx-controls-17.0.6.jar;C:\Users\Ronaud\.m2\repository\org\openjfx\javafx-graphics\17.0.6\javafx-graphics-17.0.6.jar;C:\Users\Ronaud\.m2\repository\org\openjfx\javafx-base\17.0.6\javafx-base-17.0.6.jar;C:\Users\Ronaud\.m2\repository\org\openjfx\javafx-fxml\17.0.6\javafx-fxml-17.0.6.jar
Launcher Type: SUN_STANDARD

[Global flags]
     intx CICompilerCount                          = 3                                         {product} {ergonomic}
     uint ConcGCThreads                            = 1                                         {product} {ergonomic}
     bool FlightRecorder                           = true                                      {product} {management}
     uint G1ConcRefinementThreads                  = 4                                         {product} {ergonomic}
   size_t G1HeapRegionSize                         = 1048576                                   {product} {ergonomic}
   size_t InitialHeapSize                          = 130023424                                 {product} {ergonomic}
   size_t MarkStackSize                            = 4194304                                   {product} {ergonomic}
   size_t MaxHeapSize                              = 2080374784                                {product} {ergonomic}
   size_t MaxNewSize                               = 1247805440                                {product} {ergonomic}
   size_t MinHeapDeltaBytes                        = 1048576                                   {product} {ergonomic}
   size_t MinHeapSize                              = 8388608                                   {product} {ergonomic}
    uintx NonNMethodCodeHeapSize                   = 5832780                                {pd product} {ergonomic}
    uintx NonProfiledCodeHeapSize                  = 122912730                              {pd product} {ergonomic}
    uintx ProfiledCodeHeapSize                     = 122912730                              {pd product} {ergonomic}
    uintx ReservedCodeCacheSize                    = 251658240                              {pd product} {ergonomic}
     bool SegmentedCodeCache                       = true                                      {product} {ergonomic}
   size_t SoftMaxHeapSize                          = 2080374784                             {manageable} {ergonomic}
     bool UseCompressedOops                        = true                           {product lp64_product} {ergonomic}
     bool UseG1GC                                  = true                                      {product} {ergonomic}
     bool UseLargePagesIndividualAllocation        = false                                  {pd product} {ergonomic}

Logging:
Log output configuration:
 #0: stdout all=warning uptime,level,tags foldmultilines=false
 #1: stderr all=off uptime,level,tags foldmultilines=false

Environment Variables:
JAVA_HOME=C:\Program Files\Java\jdk-22
PATH=C:\Program Files\BraveSoftware\Brave-Browser\Application;C:\Program Files\Java\jdk-22\bin;C:\Program Files\Java\jdk-19\bin;C:\Program Files\BellSoft\LibericaJDK-8\bin\;C:\Program Files\Common Files\Oracle\Java\javapath;C:\windows\system32;C:\windows;C:\windows\System32\Wbem;C:\windows\System32\WindowsPowerShell\v1.0\;C:\windows\System32\OpenSSH\;C:\Program Files\dotnet\;C:\ProgramData\chocolatey\bin;C:\Program Files\HP\HP One Agent;C:\Program Files\Git\cmd;C:\Program Files (x86)\dotnet\;C:\Users\Ronaud\AppData\Local\Programs\Python\Launcher\;C:\Users\Ronaud\AppData\Local\Microsoft\WindowsApps;C:\Users\Ronaud\.dotnet\tools;C:\Users\Ronaud\AppData\Local\GitHubDesktop\bin;C:\Users\Ronaud\AppData\Local\Programs\Microsoft VS Code\bin
USERNAME=Ronaud
OS=Windows_NT
PROCESSOR_IDENTIFIER=Intel64 Family 6 Model 140 Stepping 1, GenuineIntel
TMP=C:\Users\Ronaud\AppData\Local\Temp
TEMP=C:\Users\Ronaud\AppData\Local\Temp




Periodic native trim disabled

---------------  S Y S T E M  ---------------

OS:
 Windows 11 , 64 bit Build 22621 (10.0.22621.4974)
OS uptime: 1 days 13:21 hours
Hyper-V role detected

CPU: total 4 (initial active 4) (2 cores per cpu, 2 threads per core) family 6 model 140 stepping 1 microcode 0xac, cx8, cmov, fxsr, ht, mmx, 3dnowpref, sse, sse2, sse3, ssse3, sse4.1, sse4.2, popcnt, lzcnt, tsc, tscinvbit, avx, avx2, aes, erms, clmul, bmi1, bmi2, adx, avx512f, avx512dq, avx512cd, avx512bw, avx512vl, sha, fma, vzeroupper, avx512_vpopcntdq, avx512_vpclmulqdq, avx512_vaes, avx512_vnni, clflush, clflushopt, clwb, avx512_vbmi2, avx512_vbmi, hv, rdtscp, rdpid, fsrm, gfni, avx512_bitalg, f16c, cet_ibt, cet_ss, avx512_ifma
Processor Information for all 4 processors :
  Max Mhz: 2995, Current Mhz: 2995, Mhz Limit: 2995

Memory: 4k page, system-wide physical 7932M (264M free)
TotalPageFile size 15865M (AvailPageFile size 3050M)
current process WorkingSet (physical memory assigned to process): 173M, peak: 178M
current process commit charge ("private bytes"): 366M, peak: 369M

vm_info: Java HotSpot(TM) 64-Bit Server VM (22.0.2+9-70) for windows-amd64 JRE (22.0.2+9-70), built on 2024-06-04T16:52:23Z by "mach5one" with MS VC++ 17.6 (VS2022)

END.
